<?xml version="1.0" encoding="UTF-8"?>
<!-- Generated by org.testng.reporters.JUnitReportReporter -->
<testsuite hostname="g3771j3-khuang" failures="0" tests="1" name="mail.Test_mail_02Test" time="5.423" errors="0" timestamp="2022-08-30T10:50:12 CST" skipped="0">
  <testcase classname="mail.Test_mail_02Test" name="mainTest" time="5.423"/>
  <system-out/>
</testsuite> <!-- mail.Test_mail_02Test -->
