<?xml version="1.0" encoding="UTF-8"?>
<!-- Generated by org.testng.reporters.JUnitReportReporter -->
<testsuite hostname="g3771j3-khuang" failures="0" tests="1" name="mail.Test_Mail" time="5.259" errors="0" timestamp="2022-09-06T17:28:46 CST" skipped="0">
  <testcase classname="mail.Test_Mail" name="mainTest" time="5.259"/>
  <system-out/>
</testsuite> <!-- mail.Test_Mail -->
